proguard/seeds.txt
cn.kli.t9search.CachePersistReceiver
cn.kli.t9search.CachePersistReceiver: CachePersistReceiver()
cn.kli.t9search.CacheService
cn.kli.t9search.CacheService: CacheService()
cn.kli.t9search.ContactsList: void setOnItemSelectListener(cn.kli.t9search.IDataList$OnItemSelectListener)
cn.kli.t9search.DigitsEditText
cn.kli.t9search.DigitsEditText: DigitsEditText(android.content.Context,android.util.AttributeSet)
cn.kli.t9search.MainActivity
cn.kli.t9search.MainActivity: MainActivity()
cn.kli.t9search.PackagesList: void setOnItemSelectListener(cn.kli.t9search.IDataList$OnItemSelectListener)
cn.kli.t9search.R$attr: int adSize
cn.kli.t9search.R$drawable: int app_icon_bg
cn.kli.t9search.R$drawable: int dial_btn_bg_normal
cn.kli.t9search.R$drawable: int dial_btn_bg_pressed
cn.kli.t9search.R$drawable: int dial_ic_close_normal
cn.kli.t9search.R$drawable: int dial_num_0_wht
cn.kli.t9search.R$drawable: int dial_num_1_wht
cn.kli.t9search.R$drawable: int dial_num_2_wht
cn.kli.t9search.R$drawable: int dial_num_3_wht
cn.kli.t9search.R$drawable: int dial_num_4_wht
cn.kli.t9search.R$drawable: int dial_num_5_wht
cn.kli.t9search.R$drawable: int dial_num_6_wht
cn.kli.t9search.R$drawable: int dial_num_7_wht
cn.kli.t9search.R$drawable: int dial_num_8_wht
cn.kli.t9search.R$drawable: int dial_num_9_wht
cn.kli.t9search.R$drawable: int dial_num_bg
cn.kli.t9search.R$drawable: int dial_num_del_normal
cn.kli.t9search.R$drawable: int dial_num_star_wht
cn.kli.t9search.R$drawable: int dialpad
cn.kli.t9search.R$drawable: int edit_group_member
cn.kli.t9search.R$drawable: int ic_contact_picture
cn.kli.t9search.R$drawable: int ic_contact_picture_holo_dark
cn.kli.t9search.R$drawable: int ic_launcher
cn.kli.t9search.R$id: int adView
cn.kli.t9search.R$id: int btn_keyboard_show
cn.kli.t9search.R$id: int build_progress
cn.kli.t9search.R$id: int contact_name
cn.kli.t9search.R$id: int contact_number
cn.kli.t9search.R$id: int contact_photo
cn.kli.t9search.R$id: int contact_type
cn.kli.t9search.R$id: int contactsListview
cn.kli.t9search.R$id: int del
cn.kli.t9search.R$id: int eight
cn.kli.t9search.R$id: int five
cn.kli.t9search.R$id: int four
cn.kli.t9search.R$id: int hide
cn.kli.t9search.R$id: int input
cn.kli.t9search.R$id: int keyboard
cn.kli.t9search.R$id: int linearLayout2
cn.kli.t9search.R$id: int listTitle
cn.kli.t9search.R$id: int list_container
cn.kli.t9search.R$id: int ll_keyboard
cn.kli.t9search.R$id: int menu_settings
cn.kli.t9search.R$id: int nine
cn.kli.t9search.R$id: int noDataView
cn.kli.t9search.R$id: int ok
cn.kli.t9search.R$id: int one
cn.kli.t9search.R$id: int p_icon
cn.kli.t9search.R$id: int p_key
cn.kli.t9search.R$id: int p_name
cn.kli.t9search.R$id: int package_list_container
cn.kli.t9search.R$id: int relativeLayout1
cn.kli.t9search.R$id: int rl_app_loading
cn.kli.t9search.R$id: int seven
cn.kli.t9search.R$id: int six
cn.kli.t9search.R$id: int textView1
cn.kli.t9search.R$id: int three
cn.kli.t9search.R$id: int twelve_keys
cn.kli.t9search.R$id: int two
cn.kli.t9search.R$id: int zero
cn.kli.t9search.R$layout: int activity_main
cn.kli.t9search.R$layout: int build_cache_dialog
cn.kli.t9search.R$layout: int contacts_list_item
cn.kli.t9search.R$layout: int contacts_query_list
cn.kli.t9search.R$layout: int keyboard_layout
cn.kli.t9search.R$layout: int package_item
cn.kli.t9search.R$layout: int package_list
cn.kli.t9search.R$layout: int twelve_keys_horizontal
cn.kli.t9search.R$menu: int activity_main
cn.kli.t9search.R$string: int app_name
cn.kli.t9search.R$string: int has_key_tone
cn.kli.t9search.R$string: int hello_world
cn.kli.t9search.R$string: int list_title_result
cn.kli.t9search.R$string: int list_title_star
cn.kli.t9search.R$string: int menu_settings
cn.kli.t9search.R$string: int no_result
cn.kli.t9search.R$string: int no_star
cn.kli.t9search.R$string: int one
cn.kli.t9search.R$string: int open_up
...
android.support.v4.view.ViewPager$SavedState
android.support.v4.view.ViewPager$SavedState: android.os.Parcelable$Creator CREATOR
com.baidu.mobads.AdSettings
com.baidu.mobads.AdSettings: AdSettings()
com.baidu.mobads.AdSettings: org.json.JSONObject getAttr()
com.baidu.mobads.AdSettings: void setKey(java.lang.String[])
com.baidu.mobads.AdSettings: void setKey(java.util.List)
com.baidu.mobads.AdSettings: void setSex(com.baidu.mobads.AdSettings$Sex)
com.baidu.mobads.AdSettings: void setBirthday(java.util.Calendar)
com.baidu.mobads.AdSettings: void setCity(java.lang.String)
com.baidu.mobads.AdSettings: void setZip(java.lang.String)
com.baidu.mobads.AdSettings: void setJob(java.lang.String)
com.baidu.mobads.AdSettings: void setEducation(com.baidu.mobads.AdSettings$Education)
com.baidu.mobads.AdSettings: void setSalary(com.baidu.mobads.AdSettings$Salary)
com.baidu.mobads.AdSettings: void setHob(java.lang.String[])
com.baidu.mobads.AdSettings: void setHob(java.util.List)
com.baidu.mobads.AdSettings: void setUserAttr(java.lang.String,java.lang.String)
com.baidu.mobads.AdSettings$Education
com.baidu.mobads.AdSettings$Education: com.baidu.mobads.AdSettings$Education PRIMARY
com.baidu.mobads.AdSettings$Education: com.baidu.mobads.AdSettings$Education JUNIOR
com.baidu.mobads.AdSettings$Education: com.baidu.mobads.AdSettings$Education SENIOR
com.baidu.mobads.AdSettings$Education: com.baidu.mobads.AdSettings$Education SPECIALTY
com.baidu.mobads.AdSettings$Education: com.baidu.mobads.AdSettings$Education BACHELOR
com.baidu.mobads.AdSettings$Education: com.baidu.mobads.AdSettings$Education MASTER
com.baidu.mobads.AdSettings$Education: com.baidu.mobads.AdSettings$Education DOCTOR
com.baidu.mobads.AdSettings$Education: com.baidu.mobads.AdSettings$Education[] values()
com.baidu.mobads.AdSettings$Education: com.baidu.mobads.AdSettings$Education valueOf(java.lang.String)
com.baidu.mobads.AdSettings$Education: int getValue()
com.baidu.mobads.AdSettings$Salary
com.baidu.mobads.AdSettings$Salary: com.baidu.mobads.AdSettings$Salary F0T1k
com.baidu.mobads.AdSettings$Salary: com.baidu.mobads.AdSettings$Salary F1kT2k
com.baidu.mobads.AdSettings$Salary: com.baidu.mobads.AdSettings$Salary F2kT3k
com.baidu.mobads.AdSettings$Salary: com.baidu.mobads.AdSettings$Salary F3kT4k
com.baidu.mobads.AdSettings$Salary: com.baidu.mobads.AdSettings$Salary F4kT5k
com.baidu.mobads.AdSettings$Salary: com.baidu.mobads.AdSettings$Salary F5kT6k
com.baidu.mobads.AdSettings$Salary: com.baidu.mobads.AdSettings$Salary F6kT7k
com.baidu.mobads.AdSettings$Salary: com.baidu.mobads.AdSettings$Salary F7kT8k
com.baidu.mobads.AdSettings$Salary: com.baidu.mobads.AdSettings$Salary F8kT9k
com.baidu.mobads.AdSettings$Salary: com.baidu.mobads.AdSettings$Salary F9kT10k
com.baidu.mobads.AdSettings$Salary: com.baidu.mobads.AdSettings$Salary F10kT15k
com.baidu.mobads.AdSettings$Salary: com.baidu.mobads.AdSettings$Salary F15kT20k
com.baidu.mobads.AdSettings$Salary: com.baidu.mobads.AdSettings$Salary F20
com.baidu.mobads.AdSettings$Salary: com.baidu.mobads.AdSettings$Salary[] values()
com.baidu.mobads.AdSettings$Salary: com.baidu.mobads.AdSettings$Salary valueOf(java.lang.String)
com.baidu.mobads.AdSettings$Salary: int getValue()
com.baidu.mobads.AdSettings$Sex
com.baidu.mobads.AdSettings$Sex: com.baidu.mobads.AdSettings$Sex MALE
com.baidu.mobads.AdSettings$Sex: com.baidu.mobads.AdSettings$Sex FEMALE
com.baidu.mobads.AdSettings$Sex: com.baidu.mobads.AdSettings$Sex[] values()
com.baidu.mobads.AdSettings$Sex: com.baidu.mobads.AdSettings$Sex valueOf(java.lang.String)
com.baidu.mobads.AdSettings$Sex: int getValue()
com.baidu.mobads.AdSize
com.baidu.mobads.AdSize: com.baidu.mobads.AdSize Banner
com.baidu.mobads.AdSize: com.baidu.mobads.AdSize Square
com.baidu.mobads.AdSize: com.baidu.mobads.AdSize[] values()
com.baidu.mobads.AdSize: com.baidu.mobads.AdSize valueOf(java.lang.String)
com.baidu.mobads.AdSize: int getValue()