proguard/mapping.txt
cn.kli.t9search.Cache -> cn.kli.t9search.a:
    android.content.Context mContext -> a
    java.util.List mCallBacks -> b
    java.util.List mAllList -> c
    java.util.List mCurrentList -> d
    android.os.Handler mHandler -> e
    cn.kli.t9search.Cache$DataLoader mDataLoader -> f
    cn.kli.t9search.Cache$SearchTask mSearchTask -> g
    cn.kli.t9search.translate.NameToNumber translate -> h
    java.lang.String mLastInput -> i
    boolean isBuilding -> j
    long startSearchTime -> k
    void addCallBack(cn.kli.t9search.Cache$CacheCallBack) -> a
    cn.kli.t9search.Cache$Item getCurrentSelectedItem(int) -> a
    void Search(java.lang.String) -> a
    void registerObserver(android.net.Uri) -> a
    java.lang.String removeNonDigits(java.lang.String) -> e
    void buildCache() -> a
    boolean isBuilt() -> b
    void onCacheBuild() -> c
    void onBuildProgressUpdate(java.lang.String) -> b
    void onBuildCompleted() -> d
    void updateBuildProgress(java.lang.String) -> c
    void onSearching(java.lang.String) -> d
    void onSearchCompleted() -> e
    void orderList(java.lang.String,java.util.List) -> a
    long access$0(cn.kli.t9search.Cache) -> a
    void access$1(cn.kli.t9search.Cache,long) -> a
cn.kli.t9search.Cache$1 -> cn.kli.t9search.b:
    cn.kli.t9search.Cache this$0 -> a
    java.lang.String val$search -> b
    int compare(cn.kli.t9search.Cache$Item,cn.kli.t9search.Cache$Item) -> a
    int getIndex(cn.kli.t9search.Cache$Item) -> a
    int compare(java.lang.Object,java.lang.Object) -> compare
cn.kli.t9search.Cache$CacheCallBack -> cn.kli.t9search.c:
    void buildProgress(java.lang.String) -> a
    void buildFinished(java.util.List) -> a
    void searchCompleted(java.util.List) -> b
cn.kli.t9search.Cache$CacheHandler -> cn.kli.t9search.d:
    cn.kli.t9search.Cache this$0 -> a
    void handleMessage(android.os.Message) -> handleMessage
cn.kli.t9search.Cache$CacheObserver -> cn.kli.t9search.e:
    cn.kli.t9search.Cache this$0 -> a
    void onChange(boolean) -> onChange
cn.kli.t9search.Cache$DataLoader -> cn.kli.t9search.f:
    cn.kli.t9search.Cache this$0 -> a
    void onPreExecute() -> onPreExecute
    java.lang.Object doInBackground(java.lang.Object[]) -> doInBackground
    void onProgressUpdate(java.lang.Object[]) -> onProgressUpdate
    void onPostExecute(java.lang.Object) -> onPostExecute
cn.kli.t9search.Cache$Item -> cn.kli.t9search.g:
    java.lang.String pName -> a
    java.lang.String key -> b
    cn.kli.t9search.Cache this$0 -> c
cn.kli.t9search.Cache$SearchTask -> cn.kli.t9search.h:
    java.lang.String search -> a
    cn.kli.t9search.Cache this$0 -> b
    java.lang.Object doInBackground(java.lang.Object[]) -> doInBackground
    void onPostExecute(java.lang.Object) -> onPostExecute
cn.kli.t9search.CachePersistReceiver -> cn.kli.t9search.CachePersistReceiver:
    void onReceive(android.content.Context,android.content.Intent) -> onReceive
cn.kli.t9search.CacheService -> cn.kli.t9search.CacheService:
    cn.kli.t9search.PackagesCache mAppCache -> a
    cn.kli.t9search.SettingsHelper mSettingsHelper -> b
    void onCreate() -> onCreate
    int onStartCommand(android.content.Intent,int,int) -> onStartCommand
    android.os.IBinder onBind(android.content.Intent) -> onBind
...
android.support.v4.view.ViewCompat$HCViewCompatImpl -> android.support.v4.view.t:
    long getFrameTime() -> a
    void setLayerType(android.view.View,int,android.graphics.Paint) -> a
android.support.v4.view.ViewCompat$ICSViewCompatImpl -> android.support.v4.view.u:
    boolean canScrollHorizontally(android.view.View,int) -> a
android.support.v4.view.ViewCompat$JBViewCompatImpl -> android.support.v4.view.v:
    void postInvalidateOnAnimation(android.view.View) -> b
    void postOnAnimation(android.view.View,java.lang.Runnable) -> a
android.support.v4.view.ViewCompat$JbMr1ViewCompatImpl -> android.support.v4.view.w:
android.support.v4.view.ViewCompat$ViewCompatImpl -> android.support.v4.view.x:
    boolean canScrollHorizontally(android.view.View,int) -> a
    int getOverScrollMode(android.view.View) -> a
    void postInvalidateOnAnimation(android.view.View) -> b
    void postOnAnimation(android.view.View,java.lang.Runnable) -> a
    void setLayerType(android.view.View,int,android.graphics.Paint) -> a
android.support.v4.view.ViewCompatGingerbread -> android.support.v4.view.y:
    int getOverScrollMode(android.view.View) -> a
android.support.v4.view.ViewCompatHC -> android.support.v4.view.z:
    long getFrameTime() -> a
    void setLayerType(android.view.View,int,android.graphics.Paint) -> a
android.support.v4.view.ViewCompatICS -> android.support.v4.view.aa:
    boolean canScrollHorizontally(android.view.View,int) -> a
android.support.v4.view.ViewCompatJB -> android.support.v4.view.ab:
    void postInvalidateOnAnimation(android.view.View) -> a
    void postOnAnimation(android.view.View,java.lang.Runnable) -> a
android.support.v4.view.ViewPager -> android.support.v4.view.ViewPager:
    int[] LAYOUT_ATTRS -> a
    java.util.Comparator COMPARATOR -> b
    android.view.animation.Interpolator sInterpolator -> c
    java.util.ArrayList mItems -> d
    android.support.v4.view.ViewPager$ItemInfo mTempItem -> e
    android.graphics.Rect mTempRect -> f
    android.support.v4.view.PagerAdapter mAdapter -> g
    int mCurItem -> h
    int mRestoredCurItem -> i
    android.os.Parcelable mRestoredAdapterState -> j
    java.lang.ClassLoader mRestoredClassLoader -> k
    android.widget.Scroller mScroller -> l
    android.support.v4.view.ViewPager$PagerObserver mObserver -> m
    int mPageMargin -> n
    android.graphics.drawable.Drawable mMarginDrawable -> o
    int mTopPageBounds -> p
    int mBottomPageBounds -> q
    float mFirstOffset -> r
    float mLastOffset -> s
    int mChildWidthMeasureSpec -> t
    int mChildHeightMeasureSpec -> u
    boolean mInLayout -> v
    boolean mScrollingCacheEnabled -> w
    boolean mPopulatePending -> x
    int mOffscreenPageLimit -> y
    boolean mIsBeingDragged -> z
    boolean mIsUnableToDrag -> A
    int mDefaultGutterSize -> B
    int mGutterSize -> C
    int mTouchSlop -> D
    float mInitialMotionX -> E
    float mLastMotionX -> F
    float mLastMotionY -> G
    int mActivePointerId -> H
    android.view.VelocityTracker mVelocityTracker -> I
    int mMinimumVelocity -> J
    int mMaximumVelocity -> K
android.support.v4.view.ViewPager$1 -> android.support.v4.view.ac:
    int compare(android.support.v4.view.ViewPager$ItemInfo,android.support.v4.view.ViewPager$ItemInfo) -> a
    int compare(java.lang.Object,java.lang.Object) -> compare
android.support.v4.view.ViewPager$2 -> android.support.v4.view.ad:
    float getInterpolation(float) -> getInterpolation
android.support.v4.view.ViewPager$Decor -> android.support.v4.view.ae:
android.support.v4.view.ViewPager$ItemInfo -> android.support.v4.view.af:
    java.lang.Object object -> a
    int position -> b
    boolean scrolling -> c
    float widthFactor -> d
    float offset -> e