proguard/usage.txt
cn.kli.t9search.BuildConfig
cn.kli.t9search.Cache:
    protected static final int MSG_SEARCH
    protected static final int MSG_BUILD_CACHE
    protected static final int MSG_DATA_CHANGED
cn.kli.t9search.ContactPhotoManager:
    static final java.lang.String TAG
    static final boolean DEBUG
    public static final java.lang.String CONTACT_PHOTO_SERVICE
    public abstract void loadThumbnail(android.widget.ImageView,long,boolean,cn.kli.t9search.ContactPhotoManager$DefaultImageProvider)
    139:140:public final void loadThumbnail(android.widget.ImageView,long,boolean)
    public abstract void loadPhoto(android.widget.ImageView,android.net.Uri,boolean,boolean,cn.kli.t9search.ContactPhotoManager$DefaultImageProvider)
    172:173:public final void loadPhoto(android.widget.ImageView,android.net.Uri,boolean,boolean)
    public abstract void removePhoto(android.widget.ImageView)
    public abstract void pause()
    public abstract void resume()
    public abstract void refreshCache()
    public abstract void preloadPhotosInBackground()
cn.kli.t9search.ContactPhotoManagerImpl:
    private static final java.lang.String LOADER_THREAD_NAME
    private static final int MESSAGE_REQUEST_LOADING
    private static final int MESSAGE_PHOTOS_LOADED
    private static final int HOLDER_CACHE_SIZE
    private static final int BITMAP_CACHE_SIZE
    private static final int LARGE_RAM_THRESHOLD
    355:355:private static java.lang.String btk(int)
    359:359:private static final int safeDiv(int,int)
    366:366:private void dumpStats()
    417:419:public void preloadPhotosInBackground()
    438:447:public void loadPhoto(android.widget.ImageView,android.net.Uri,boolean,boolean,cn.kli.t9search.ContactPhotoManager$DefaultImageProvider)
    464:466:public void removePhoto(android.widget.ImageView)
    471:474:public void refreshCache()
    557:558:public void pause()
    562:567:public void resume()
    1184:1184:public void loadThumbnail(android.widget.ImageView,long,boolean,cn.kli.t9search.ContactPhotoManager$DefaultImageProvider)
cn.kli.t9search.ContactPhotoManagerImpl$Lists:
    1075:1075:private ContactPhotoManagerImpl$Lists()
    1108:1111:public static varargs java.util.ArrayList newArrayList(java.lang.Object[])
cn.kli.t9search.ContactPhotoManagerImpl$LoaderThread:
    private static final int BUFFER_SIZE
    private static final int MESSAGE_PRELOAD_PHOTOS
    private static final int MESSAGE_LOAD_PHOTOS
    private static final int PHOTO_PRELOAD_DELAY
    private static final int PRELOAD_BATCH
    private static final int MAX_PHOTOS_TO_PRELOAD
    private static final int PRELOAD_STATUS_NOT_STARTED
    private static final int PRELOAD_STATUS_IN_PROGRESS
    private static final int PRELOAD_STATUS_DONE
cn.kli.t9search.ContactPhotoManagerImpl$Request:
    1031:1031:public static cn.kli.t9search.ContactPhotoManagerImpl$Request createFromUri(android.net.Uri,boolean,boolean,cn.kli.t9search.ContactPhotoManager$DefaultImageProvider)
    1035:1035:public boolean isDarkTheme()
    1039:1039:public boolean isHires()
cn.kli.t9search.ContactPhotoManagerImpl$Sets:
    1115:1115:private ContactPhotoManagerImpl$Sets()
    1150:1153:public static varargs java.util.HashSet newHashSet(java.lang.Object[])
    1162:1162:public static java.util.SortedSet newSortedSet()
    1173:1175:public static varargs java.util.SortedSet newSortedSet(java.lang.Object[])
cn.kli.t9search.ContactsCache:
    49:49:public static boolean hasBuilt()
cn.kli.t9search.ContactsCache$PhoneQuery:
    public static final int PHONE_ID
    public static final int PHONE_TYPE
    public static final int PHONE_LABEL
    public static final int PHONE_NUMBER
    public static final int PHONE_CONTACT_ID
    public static final int PHONE_LOOKUP_KEY
    public static final int PHONE_PHOTO_ID
    public static final int PHONE_DISPLAY_NAME
    13:13:protected ContactsCache$PhoneQuery()
...
android.support.v4.app.NavUtils$NavUtilsImpl
android.support.v4.app.NavUtils$NavUtilsImplBase
android.support.v4.app.NavUtils$NavUtilsImplJB
android.support.v4.app.NavUtilsJB
android.support.v4.app.NotificationCompat
android.support.v4.app.NotificationCompat$Action
android.support.v4.app.NotificationCompat$BigPictureStyle
android.support.v4.app.NotificationCompat$BigTextStyle
android.support.v4.app.NotificationCompat$Builder
android.support.v4.app.NotificationCompat$InboxStyle
android.support.v4.app.NotificationCompat$NotificationCompatImpl
android.support.v4.app.NotificationCompat$NotificationCompatImplBase
android.support.v4.app.NotificationCompat$NotificationCompatImplHoneycomb
android.support.v4.app.NotificationCompat$NotificationCompatImplIceCreamSandwich
android.support.v4.app.NotificationCompat$NotificationCompatImplJellybean
android.support.v4.app.NotificationCompat$Style
android.support.v4.app.NotificationCompatHoneycomb
android.support.v4.app.NotificationCompatIceCreamSandwich
android.support.v4.app.NotificationCompatJellybean
android.support.v4.app.ServiceCompat
android.support.v4.app.ShareCompat
android.support.v4.app.ShareCompat$IntentBuilder
android.support.v4.app.ShareCompat$IntentReader
android.support.v4.app.ShareCompat$ShareCompatImpl
android.support.v4.app.ShareCompat$ShareCompatImplBase
android.support.v4.app.ShareCompat$ShareCompatImplICS
android.support.v4.app.ShareCompat$ShareCompatImplJB
android.support.v4.app.ShareCompatICS
android.support.v4.app.ShareCompatJB
android.support.v4.app.TaskStackBuilder
android.support.v4.app.TaskStackBuilder$TaskStackBuilderImpl
android.support.v4.app.TaskStackBuilder$TaskStackBuilderImplBase
android.support.v4.app.TaskStackBuilder$TaskStackBuilderImplHoneycomb
android.support.v4.app.TaskStackBuilder$TaskStackBuilderImplJellybean
android.support.v4.app.TaskStackBuilderHoneycomb
android.support.v4.app.TaskStackBuilderJellybean
android.support.v4.content.AsyncTaskLoader
android.support.v4.content.AsyncTaskLoader$LoadTask
android.support.v4.content.ContextCompat
android.support.v4.content.ContextCompatHoneycomb
android.support.v4.content.ContextCompatJellybean
android.support.v4.content.CursorLoader
android.support.v4.content.IntentCompat
android.support.v4.content.IntentCompat$IntentCompatImpl
android.support.v4.content.IntentCompat$IntentCompatImplBase
android.support.v4.content.IntentCompat$IntentCompatImplHC
android.support.v4.content.IntentCompat$IntentCompatImplIcsMr1
android.support.v4.content.IntentCompatHoneycomb
android.support.v4.content.IntentCompatIcsMr1
android.support.v4.content.Loader:
    android.content.Context mContext
    90:92:public Loader(android.content.Context)
    102:105:public void deliverResult(java.lang.Object)
    111:111:public android.content.Context getContext()
    118:118:public int getId()
    157:157:public boolean isStarted()
    166:166:public boolean isAbandoned()
    175:175:public boolean isReset()
    217:218:public void forceLoad()
    225:225:protected void onForceLoad()
    261:263:public void abandon()
    275:275:protected void onAbandon()
    312:314:public boolean takeContentChanged()
    326:334:public void onContentChanged()
android.support.v4.content.Loader$ForceLoadContentObserver
android.support.v4.content.Loader$OnLoadCompleteListener:
    public abstract void onLoadComplete(android.support.v4.content.Loader,java.lang.Object)
android.support.v4.content.LocalBroadcastManager
android.support.v4.content.LocalBroadcastManager$1
android.support.v4.content.LocalBroadcastManager$BroadcastRecord
android.support.v4.content.LocalBroadcastManager$ReceiverRecord
android.support.v4.content.ModernAsyncTask
android.support.v4.content.ModernAsyncTask$1
android.support.v4.content.ModernAsyncTask$2
android.support.v4.content.ModernAsyncTask$3
android.support.v4.content.ModernAsyncTask$4
android.support.v4.content.ModernAsyncTask$AsyncTaskResult